<?xml version="1.0" encoding="UTF-8"?>
<coverage generated="1632415857437" clover="3.2.0">
  <project timestamp="1632415857437" name="All files">
    <metrics statements="13" coveredstatements="9" conditionals="0" coveredconditionals="0" methods="1" coveredmethods="0" elements="14" coveredelements="9" complexity="0" loc="13" ncloc="13" packages="1" files="1" classes="1"/>
    <file name="index.js" path="/home/ivan/projects/hexlet/hexlet-test-1/src/index.js">
      <metrics statements="13" coveredstatements="9" conditionals="0" coveredconditionals="0" methods="1" coveredmethods="0"/>
      <line num="1" count="0" type="stmt"/>
      <line num="2" count="0" type="stmt"/>
      <line num="3" count="0" type="stmt"/>
      <line num="4" count="0" type="stmt"/>
      <line num="5" count="1" type="stmt"/>
      <line num="6" count="1" type="stmt"/>
      <line num="7" count="1" type="stmt"/>
      <line num="8" count="1" type="stmt"/>
      <line num="9" count="1" type="stmt"/>
      <line num="10" count="1" type="stmt"/>
      <line num="11" count="1" type="stmt"/>
      <line num="12" count="1" type="stmt"/>
      <line num="13" count="1" type="stmt"/>
    </file>
  </project>
</coverage>
